<?xml version="1.0" encoding="UTF-8"?>
<!-- Generated by org.testng.reporters.JUnitXMLReporter -->
<testsuite ignored="0" hostname="DESKTOP-TQID2SQ" failures="0" tests="3" name="Lambda Test04" time="25.375" errors="0" timestamp="2023-08-31T11:36:56 IST">
  <testcase classname="com.LambdaTestFinal.TestNgTest1" name="Test_Scenario_01" time="2.834"/>
  <testcase classname="com.LambdaTestFinal.TestNgTest1" name="Test_Scenario_02" time="3.247"/>
  <testcase classname="com.LambdaTestFinal.TestNgTest1" name="Test_Scenario_03" time="5.208"/>
</testsuite> <!-- Lambda Test04 -->
