<?xml version="1.0" encoding="UTF-8"?>
<!-- Generated by org.testng.reporters.JUnitXMLReporter -->
<testsuite ignored="0" hostname="DESKTOP-TQID2SQ" failures="0" tests="3" name="Lambda Test02" time="17.462" errors="0" timestamp="2023-08-31T11:36:13 IST">
  <testcase classname="com.LambdaTestFinal.TestNgTest1" name="Test_Scenario_01" time="2.164"/>
  <testcase classname="com.LambdaTestFinal.TestNgTest1" name="Test_Scenario_02" time="3.122"/>
  <testcase classname="com.LambdaTestFinal.TestNgTest1" name="Test_Scenario_03" time="2.713"/>
</testsuite> <!-- Lambda Test02 -->
