<?xml version="1.0" encoding="UTF-8"?>
<!-- Generated by org.testng.reporters.JUnitXMLReporter -->
<testsuite ignored="0" hostname="DESKTOP-TQID2SQ" failures="0" tests="3" name="Lambda Test03" time="17.816" errors="0" timestamp="2023-08-31T11:36:31 IST">
  <testcase classname="com.LambdaTestFinal.TestNgTest1" name="Test_Scenario_01" time="1.048"/>
  <testcase classname="com.LambdaTestFinal.TestNgTest1" name="Test_Scenario_02" time="2.093"/>
  <testcase classname="com.LambdaTestFinal.TestNgTest1" name="Test_Scenario_03" time="3.028"/>
</testsuite> <!-- Lambda Test03 -->
